<?xml version="1.0" encoding="UTF-8" ?>
<testsuite tests="4" failures="0" name="MainTest" time="0.191" errors="0" skipped="0">
  <properties>
[...]
</properties>
  <testcase classname="MainTest" name="testGetResumeScore_Success" time="0.049"/>
  <testcase classname="MainTest" name="testGetResumeScore_SuccessWithEmptyScoreList" time="0"/>
  <testcase classname="MainTest" name="testGetResumeScore_NullCheck" time="0"/>
  <testcase classname="MainTest" name="testComplete" time="0.142"/>
</testsuite>